
> nextn@0.1.0 build
> next build

   ▲ Next.js 15.1.7

   Creating an optimized production build ...
 ✓ Compiled successfully
   Skipping validation of types
   Skipping linting
   Collecting page data ...
   Generating static pages (0/7) ...
   Generating static pages (1/7) 
   Generating static pages (3/7) 
   Generating static pages (5/7) 
 ✓ Generating static pages (7/7)
   Finalizing page optimization ...
   Collecting build traces ...

Route (app)                              Size     First Load JS
┌ ○ /                                    186 B           114 kB
├ ○ /_not-found                          979 B           106 kB
├ ○ /sucursal                            186 B           114 kB
└ ○ /sucursal/cartaclasica               673 B           111 kB
+ First Load JS shared by all            105 kB
  ├ chunks/4bd1b696-dc53661a9e7a1ea0.js  52.9 kB
  ├ chunks/517-e9cab8f96296883c.js       50.5 kB
  └ other shared chunks (total)          1.9 kB


ƒ Middleware                             37.6 kB

○  (Static)  prerendered as static content

